[INFO ] 2023-11-11 20:42:23.912 [main] LoginFeatureStepDef - Setup1 executed....
[INFO ] 2023-11-11 20:42:23.983 [main] LoginFeatureStepDef - Chrome Browser Launched
[INFO ] 2023-11-11 20:42:26.390 [main] LoginFeatureStepDef - url opened
[INFO ] 2023-11-11 20:42:26.940 [main] LoginFeatureStepDef - email address and password entered
[INFO ] 2023-11-11 20:42:31.677 [main] LoginFeatureStepDef - Clicked on login button
[WARN ] 2023-11-11 20:42:31.841 [main] LoginFeatureStepDef - Test passed: Login feature - page title matched.
[INFO ] 2023-11-11 20:42:34.562 [main] LoginFeatureStepDef - User click on Log out link
[WARN ] 2023-11-11 20:42:34.586 [main] LoginFeatureStepDef - Test passed: Login feature - page title matched.
[INFO ] 2023-11-11 20:42:34.803 [main] LoginFeatureStepDef - Browser closed
[INFO ] 2023-11-13 21:10:47.687 [main] LoginFeatureStepDef - Setup1 executed....
[INFO ] 2023-11-13 21:10:47.738 [main] LoginFeatureStepDef - Chrome Browser Launched
[INFO ] 2023-11-13 21:10:50.295 [main] LoginFeatureStepDef - url opened
[INFO ] 2023-11-13 21:10:50.811 [main] LoginFeatureStepDef - email address and password entered
[INFO ] 2023-11-13 21:10:54.869 [main] LoginFeatureStepDef - Clicked on login button
[WARN ] 2023-11-13 21:10:55.034 [main] LoginFeatureStepDef - Test passed: Login feature - page title matched.
[INFO ] 2023-11-13 21:10:57.542 [main] LoginFeatureStepDef - User click on Log out link
[WARN ] 2023-11-13 21:10:57.559 [main] LoginFeatureStepDef - Test passed: Login feature - page title matched.
[INFO ] 2023-11-13 21:10:57.732 [main] LoginFeatureStepDef - Browser closed
[INFO ] 2023-11-14 18:42:38.748 [main] LoginFeatureStepDef - Setup1 executed....
[INFO ] 2023-11-14 18:42:38.825 [main] LoginFeatureStepDef - Chrome Browser Launched
[INFO ] 2023-11-14 18:42:41.223 [main] LoginFeatureStepDef - url opened
[INFO ] 2023-11-14 18:42:41.634 [main] LoginFeatureStepDef - email address and password entered
[INFO ] 2023-11-14 18:42:47.483 [main] LoginFeatureStepDef - Clicked on login button
[WARN ] 2023-11-14 18:42:47.553 [main] LoginFeatureStepDef - Test passed: Login feature - page title matched.
[INFO ] 2023-11-14 18:44:08.313 [main] LoginFeatureStepDef - Setup1 executed....
[INFO ] 2023-11-14 18:44:08.386 [main] LoginFeatureStepDef - Chrome Browser Launched
[INFO ] 2023-11-14 18:44:11.179 [main] LoginFeatureStepDef - url opened
[INFO ] 2023-11-14 18:44:11.522 [main] LoginFeatureStepDef - email address and password entered
[INFO ] 2023-11-14 18:44:15.848 [main] LoginFeatureStepDef - Clicked on login button
[WARN ] 2023-11-14 18:44:15.931 [main] LoginFeatureStepDef - Test passed: Login feature - page title matched.
[INFO ] 2023-11-14 18:46:52.884 [main] LoginFeatureStepDef - Setup1 executed....
[INFO ] 2023-11-14 18:46:52.952 [main] LoginFeatureStepDef - Chrome Browser Launched
[INFO ] 2023-11-14 18:46:56.258 [main] LoginFeatureStepDef - url opened
[INFO ] 2023-11-14 18:46:56.604 [main] LoginFeatureStepDef - email address and password entered
[INFO ] 2023-11-14 18:47:05.346 [main] LoginFeatureStepDef - Clicked on login button
[WARN ] 2023-11-14 18:47:05.363 [main] LoginFeatureStepDef - Test passed: Login feature - page title matched.
[INFO ] 2023-11-14 18:52:17.555 [main] LoginFeatureStepDef - Setup1 executed....
[INFO ] 2023-11-14 18:52:17.626 [main] LoginFeatureStepDef - Chrome Browser Launched
[INFO ] 2023-11-14 18:52:21.052 [main] LoginFeatureStepDef - url opened
[INFO ] 2023-11-14 18:52:21.406 [main] LoginFeatureStepDef - email address and password entered
[INFO ] 2023-11-14 18:52:27.779 [main] LoginFeatureStepDef - Clicked on login button
[WARN ] 2023-11-14 18:52:27.869 [main] LoginFeatureStepDef - Test passed: Login feature - page title matched.
[INFO ] 2023-11-14 18:54:34.788 [main] LoginFeatureStepDef - Setup1 executed....
[INFO ] 2023-11-14 18:54:34.862 [main] LoginFeatureStepDef - Chrome Browser Launched
[INFO ] 2023-11-14 18:54:40.776 [main] LoginFeatureStepDef - url opened
[INFO ] 2023-11-14 18:54:41.128 [main] LoginFeatureStepDef - email address and password entered
[INFO ] 2023-11-14 18:55:06.901 [main] LoginFeatureStepDef - Clicked on login button
[WARN ] 2023-11-14 18:55:06.919 [main] LoginFeatureStepDef - Test passed: Login feature - page title matched.
[INFO ] 2023-11-14 18:55:09.155 [main] LoginFeatureStepDef - User click on Log out link
[WARN ] 2023-11-14 18:55:09.173 [main] LoginFeatureStepDef - Test passed: Login feature - page title matched.
[INFO ] 2023-11-14 18:55:09.328 [main] LoginFeatureStepDef - Browser closed
[INFO ] 2023-11-14 19:42:33.942 [main] LoginFeatureStepDef - Setup1 executed....
[INFO ] 2023-11-14 19:42:33.994 [main] LoginFeatureStepDef - Chrome Browser Launched
[INFO ] 2023-11-14 19:42:36.462 [main] LoginFeatureStepDef - url opened
[INFO ] 2023-11-14 19:42:36.790 [main] LoginFeatureStepDef - email address and password entered
[INFO ] 2023-11-14 19:42:45.832 [main] LoginFeatureStepDef - Clicked on login button
[WARN ] 2023-11-14 19:42:45.953 [main] LoginFeatureStepDef - Test passed: Login feature - page title matched.
[INFO ] 2023-11-14 19:42:47.597 [main] LoginFeatureStepDef - User click on Log out link
[WARN ] 2023-11-14 19:42:47.606 [main] LoginFeatureStepDef - Test passed: Login feature - page title matched.
[INFO ] 2023-11-14 19:42:47.752 [main] LoginFeatureStepDef - Browser closed
[INFO ] 2023-11-17 09:41:59.174 [main] LoginFeatureStepDef - Setup1 executed....
[INFO ] 2023-11-17 09:41:59.229 [main] LoginFeatureStepDef - Chrome Browser Launched
[INFO ] 2023-11-17 09:42:01.828 [main] LoginFeatureStepDef - url opened
[INFO ] 2023-11-17 09:42:02.472 [main] LoginFeatureStepDef - email address and password entered
[INFO ] 2023-11-17 09:42:06.445 [main] LoginFeatureStepDef - Clicked on login button
[WARN ] 2023-11-17 09:42:06.695 [main] LoginFeatureStepDef - Test passed: Login feature - page title matched.
[INFO ] 2023-11-17 09:42:09.458 [main] LoginFeatureStepDef - User click on Log out link
[WARN ] 2023-11-17 09:42:09.472 [main] LoginFeatureStepDef - Test passed: Login feature - page title matched.
[INFO ] 2023-11-17 09:42:09.614 [main] LoginFeatureStepDef - Browser closed
[INFO ] 2023-11-17 18:35:19.738 [main] LoginFeatureStepDef - Setup1 executed....
[INFO ] 2023-11-17 18:35:19.799 [main] LoginFeatureStepDef - Chrome Browser Launched
[INFO ] 2023-11-17 18:35:23.338 [main] LoginFeatureStepDef - url opened
[INFO ] 2023-11-17 18:35:23.729 [main] LoginFeatureStepDef - email address and password entered
[INFO ] 2023-11-17 18:35:38.163 [main] LoginFeatureStepDef - Clicked on login button
[WARN ] 2023-11-17 18:35:38.224 [main] LoginFeatureStepDef - Test passed: Login feature - page title matched.
[INFO ] 2023-11-17 18:36:17.548 [main] LoginFeatureStepDef - Setup1 executed....
[INFO ] 2023-11-17 18:36:17.596 [main] LoginFeatureStepDef - Chrome Browser Launched
[INFO ] 2023-11-17 18:36:32.603 [main] LoginFeatureStepDef - url opened
[INFO ] 2023-11-17 18:36:32.969 [main] LoginFeatureStepDef - email address and password entered
[INFO ] 2023-11-17 18:36:52.512 [main] LoginFeatureStepDef - Clicked on login button
[WARN ] 2023-11-17 18:36:52.732 [main] LoginFeatureStepDef - Test passed: Login feature - page title matched.
[INFO ] 2023-11-17 18:37:47.883 [main] LoginFeatureStepDef - Setup1 executed....
[INFO ] 2023-11-17 18:37:47.933 [main] LoginFeatureStepDef - Chrome Browser Launched
[INFO ] 2023-11-17 18:37:52.545 [main] LoginFeatureStepDef - url opened
[INFO ] 2023-11-17 18:37:53.113 [main] LoginFeatureStepDef - email address and password entered
[INFO ] 2023-11-17 18:38:07.549 [main] LoginFeatureStepDef - Clicked on login button
[WARN ] 2023-11-17 18:38:07.668 [main] LoginFeatureStepDef - Test passed: Login feature - page title matched.
[INFO ] 2023-11-17 18:41:28.635 [main] LoginFeatureStepDef - Setup1 executed....
[INFO ] 2023-11-17 18:41:28.685 [main] LoginFeatureStepDef - Chrome Browser Launched
[INFO ] 2023-11-17 18:41:31.220 [main] LoginFeatureStepDef - url opened
[INFO ] 2023-11-17 18:41:31.577 [main] LoginFeatureStepDef - email address and password entered
[INFO ] 2023-11-17 18:41:43.342 [main] LoginFeatureStepDef - Clicked on login button
[WARN ] 2023-11-17 18:41:43.363 [main] LoginFeatureStepDef - Test passed: Login feature - page title matched.
[INFO ] 2023-11-17 18:48:13.143 [main] LoginFeatureStepDef - Setup1 executed....
[INFO ] 2023-11-17 18:48:13.190 [main] LoginFeatureStepDef - Chrome Browser Launched
[INFO ] 2023-11-17 18:48:26.765 [main] LoginFeatureStepDef - url opened
[INFO ] 2023-11-17 18:48:27.146 [main] LoginFeatureStepDef - email address and password entered
[INFO ] 2023-11-17 18:48:35.977 [main] LoginFeatureStepDef - Clicked on login button
[WARN ] 2023-11-17 18:48:36.087 [main] LoginFeatureStepDef - Test passed: Login feature - page title matched.
[INFO ] 2023-11-17 18:48:47.279 [main] LoginFeatureStepDef - User click on Log out link
[WARN ] 2023-11-17 18:48:47.302 [main] LoginFeatureStepDef - Test passed: Login feature - page title matched.
[INFO ] 2023-11-17 18:48:47.488 [main] LoginFeatureStepDef - Browser closed
[INFO ] 2023-11-17 19:01:38.911 [main] LoginFeatureStepDef - Setup1 executed....
[INFO ] 2023-11-17 19:01:38.986 [main] LoginFeatureStepDef - Chrome Browser Launched
[INFO ] 2023-11-17 19:01:41.900 [main] LoginFeatureStepDef - url opened
[INFO ] 2023-11-17 19:01:42.368 [main] LoginFeatureStepDef - email address and password entered
[INFO ] 2023-11-17 19:01:47.051 [main] LoginFeatureStepDef - Clicked on login button
[WARN ] 2023-11-17 19:01:47.209 [main] LoginFeatureStepDef - Test passed: Login feature - page title matched.
[INFO ] 2023-11-17 19:01:51.879 [main] LoginFeatureStepDef - User click on Log out link
[WARN ] 2023-11-17 19:01:51.892 [main] LoginFeatureStepDef - Test passed: Login feature - page title matched.
[INFO ] 2023-11-17 19:01:52.051 [main] LoginFeatureStepDef - Browser closed
[INFO ] 2023-11-17 19:01:53.201 [main] LoginFeatureStepDef - Setup2 executed....
[INFO ] 2023-11-17 19:01:53.204 [main] LoginFeatureStepDef - Chrome Browser Launched
[INFO ] 2023-11-17 19:01:55.118 [main] LoginFeatureStepDef - url opened
[INFO ] 2023-11-17 19:01:56.294 [main] LoginFeatureStepDef - email address and password entered
[INFO ] 2023-11-17 19:02:11.942 [main] LoginFeatureStepDef - Clicked on login button
[WARN ] 2023-11-17 19:02:12.017 [main] LoginFeatureStepDef - Test passed: Login feature - page title matched.
[INFO ] 2023-11-17 19:02:48.387 [main] LoginFeatureStepDef - Setup1 executed....
[INFO ] 2023-11-17 19:02:48.469 [main] LoginFeatureStepDef - Chrome Browser Launched
[INFO ] 2023-11-17 19:02:52.717 [main] LoginFeatureStepDef - url opened
[INFO ] 2023-11-17 19:02:53.189 [main] LoginFeatureStepDef - email address and password entered
[INFO ] 2023-11-17 19:03:15.246 [main] LoginFeatureStepDef - Clicked on login button
[WARN ] 2023-11-17 19:03:15.293 [main] LoginFeatureStepDef - Test passed: Login feature - page title matched.
[INFO ] 2023-11-17 19:03:20.224 [main] LoginFeatureStepDef - Setup2 executed....
[INFO ] 2023-11-17 19:03:20.228 [main] LoginFeatureStepDef - Chrome Browser Launched
[INFO ] 2023-11-17 19:03:22.677 [main] LoginFeatureStepDef - url opened
[INFO ] 2023-11-17 19:03:23.046 [main] LoginFeatureStepDef - email address and password entered
[INFO ] 2023-11-17 19:03:28.349 [main] LoginFeatureStepDef - Clicked on login button
[WARN ] 2023-11-17 19:03:28.511 [main] LoginFeatureStepDef - Test passed: Login feature - page title matched.
[INFO ] 2023-11-17 19:03:32.995 [main] LoginFeatureStepDef - User click on Log out link
[WARN ] 2023-11-17 19:03:33.008 [main] LoginFeatureStepDef - Test passed: Login feature - page title matched.
[INFO ] 2023-11-17 19:03:33.164 [main] LoginFeatureStepDef - Browser closed
[INFO ] 2023-11-17 19:12:28.241 [main] LoginFeatureStepDef - Setup2 executed....
[INFO ] 2023-11-17 19:12:28.298 [main] LoginFeatureStepDef - Chrome Browser Launched
[INFO ] 2023-11-17 19:12:34.494 [main] LoginFeatureStepDef - url opened
[INFO ] 2023-11-17 19:12:34.884 [main] LoginFeatureStepDef - email address and password entered
[INFO ] 2023-11-17 19:12:46.481 [main] LoginFeatureStepDef - Clicked on login button
[INFO ] 2023-11-17 19:12:46.568 [main] LoginFeatureStepDef - User can view Dashboard - test passed
[INFO ] 2023-11-17 19:12:46.753 [main] LoginFeatureStepDef - Customer menu clicked..
[INFO ] 2023-11-17 19:12:50.983 [main] LoginFeatureStepDef - Customer menu item clicked
[INFO ] 2023-11-17 19:12:56.807 [main] LoginFeatureStepDef - clicked on Add new button..
[INFO ] 2023-11-17 19:12:56.846 [main] LoginFeatureStepDef - User can view Add new customer page - passed
[INFO ] 2023-11-17 19:12:59.124 [main] LoginFeatureStepDef - customer information entered
[INFO ] 2023-11-17 19:13:02.213 [main] LoginFeatureStepDef - Setup2 executed....
[INFO ] 2023-11-17 19:13:02.218 [main] LoginFeatureStepDef - Chrome Browser Launched
[INFO ] 2023-11-17 19:13:04.918 [main] LoginFeatureStepDef - url opened
[INFO ] 2023-11-17 19:13:05.544 [main] LoginFeatureStepDef - email address and password entered
[INFO ] 2023-11-17 19:13:19.882 [main] LoginFeatureStepDef - Clicked on login button
[INFO ] 2023-11-17 19:13:19.946 [main] LoginFeatureStepDef - User can view Dashboard - test passed
[INFO ] 2023-11-17 19:13:20.131 [main] LoginFeatureStepDef - Customer menu clicked..
[INFO ] 2023-11-17 19:13:23.803 [main] LoginFeatureStepDef - Customer menu item clicked
[INFO ] 2023-11-17 19:13:24.004 [main] LoginFeatureStepDef - email address entered
[INFO ] 2023-11-17 19:13:24.156 [main] LoginFeatureStepDef - clicked on Search button
[INFO ] 2023-11-17 19:13:24.477 [main] LoginFeatureStepDef - User should found Email in the Search table - passed
[INFO ] 2023-11-17 19:13:25.933 [main] LoginFeatureStepDef - Setup2 executed....
[INFO ] 2023-11-17 19:13:25.936 [main] LoginFeatureStepDef - Chrome Browser Launched
[INFO ] 2023-11-17 19:13:27.971 [main] LoginFeatureStepDef - url opened
[INFO ] 2023-11-17 19:13:28.354 [main] LoginFeatureStepDef - email address and password entered
[INFO ] 2023-11-17 19:13:42.575 [main] LoginFeatureStepDef - Clicked on login button
[INFO ] 2023-11-17 19:13:44.114 [main] LoginFeatureStepDef - Setup1 executed....
[INFO ] 2023-11-17 19:13:44.118 [main] LoginFeatureStepDef - Chrome Browser Launched
[INFO ] 2023-11-17 19:13:50.516 [main] LoginFeatureStepDef - url opened
[INFO ] 2023-11-17 19:13:50.890 [main] LoginFeatureStepDef - email address and password entered
[INFO ] 2023-11-17 19:14:25.926 [main] LoginFeatureStepDef - Clicked on login button
[WARN ] 2023-11-17 19:14:25.979 [main] LoginFeatureStepDef - Test passed: Login feature - page title matched.
[INFO ] 2023-11-17 19:14:30.724 [main] LoginFeatureStepDef - Setup2 executed....
[INFO ] 2023-11-17 19:14:30.726 [main] LoginFeatureStepDef - Chrome Browser Launched
[INFO ] 2023-11-17 19:14:35.405 [main] LoginFeatureStepDef - url opened
[INFO ] 2023-11-17 19:14:35.905 [main] LoginFeatureStepDef - email address and password entered
[INFO ] 2023-11-17 19:14:54.142 [main] LoginFeatureStepDef - Clicked on login button
[WARN ] 2023-11-17 19:14:54.159 [main] LoginFeatureStepDef - Test passed: Login feature - page title matched.
[INFO ] 2023-11-17 19:24:45.490 [main] LoginFeatureStepDef - Setup1 executed....
[INFO ] 2023-11-17 19:24:45.556 [main] LoginFeatureStepDef - Chrome Browser Launched
[INFO ] 2023-11-17 19:24:55.055 [main] LoginFeatureStepDef - url opened
[INFO ] 2023-11-17 19:24:55.439 [main] LoginFeatureStepDef - email address and password entered
[INFO ] 2023-11-17 19:25:08.911 [main] LoginFeatureStepDef - Clicked on login button
[WARN ] 2023-11-17 19:25:09.171 [main] LoginFeatureStepDef - Test passed: Login feature - page title matched.
[INFO ] 2023-11-17 19:25:14.044 [main] LoginFeatureStepDef - Setup2 executed....
[INFO ] 2023-11-17 19:25:14.050 [main] LoginFeatureStepDef - Chrome Browser Launched
[INFO ] 2023-11-17 19:25:19.307 [main] LoginFeatureStepDef - url opened
[INFO ] 2023-11-17 19:25:19.712 [main] LoginFeatureStepDef - email address and password entered
[INFO ] 2023-11-17 19:25:24.726 [main] LoginFeatureStepDef - Clicked on login button
[WARN ] 2023-11-17 19:25:24.994 [main] LoginFeatureStepDef - Test passed: Login feature - page title matched.
[INFO ] 2023-11-17 19:25:29.785 [main] LoginFeatureStepDef - User click on Log out link
[WARN ] 2023-11-17 19:25:29.809 [main] LoginFeatureStepDef - Test passed: Login feature - page title matched.
[INFO ] 2023-11-17 19:25:30.032 [main] LoginFeatureStepDef - Browser closed
[INFO ] 2023-11-17 19:28:36.815 [main] LoginFeatureStepDef - Setup2 executed....
[INFO ] 2023-11-17 19:28:36.868 [main] LoginFeatureStepDef - Chrome Browser Launched
[INFO ] 2023-11-17 19:28:39.198 [main] LoginFeatureStepDef - url opened
[INFO ] 2023-11-17 19:28:39.693 [main] LoginFeatureStepDef - email address and password entered
[INFO ] 2023-11-17 19:28:44.616 [main] LoginFeatureStepDef - Clicked on login button
[INFO ] 2023-11-17 19:28:44.926 [main] LoginFeatureStepDef - User can view Dashboard - test passed
[INFO ] 2023-11-17 19:28:45.077 [main] LoginFeatureStepDef - Customer menu clicked..
[INFO ] 2023-11-17 19:28:48.088 [main] LoginFeatureStepDef - Customer menu item clicked
[INFO ] 2023-11-17 19:28:50.161 [main] LoginFeatureStepDef - clicked on Add new button..
[INFO ] 2023-11-17 19:28:50.212 [main] LoginFeatureStepDef - User can view Add new customer page - passed
[INFO ] 2023-11-17 19:28:51.552 [main] LoginFeatureStepDef - customer information entered
[INFO ] 2023-11-17 19:28:54.031 [main] LoginFeatureStepDef - click on Save button
[INFO ] 2023-11-17 19:28:54.582 [main] LoginFeatureStepDef - User can view confirmation message - passed
[INFO ] 2023-11-17 19:28:56.100 [main] LoginFeatureStepDef - Setup2 executed....
[INFO ] 2023-11-17 19:28:56.104 [main] LoginFeatureStepDef - Chrome Browser Launched
[INFO ] 2023-11-17 19:28:57.420 [main] LoginFeatureStepDef - url opened
[INFO ] 2023-11-17 19:28:57.870 [main] LoginFeatureStepDef - email address and password entered
[INFO ] 2023-11-17 19:29:12.448 [main] LoginFeatureStepDef - Clicked on login button
[INFO ] 2023-11-17 19:29:12.662 [main] LoginFeatureStepDef - User can view Dashboard - test passed
[INFO ] 2023-11-17 19:29:12.803 [main] LoginFeatureStepDef - Customer menu clicked..
[INFO ] 2023-11-17 19:29:15.799 [main] LoginFeatureStepDef - Customer menu item clicked
[INFO ] 2023-11-17 19:29:16.084 [main] LoginFeatureStepDef - email address entered
[INFO ] 2023-11-17 19:29:16.213 [main] LoginFeatureStepDef - clicked on Search button
[INFO ] 2023-11-17 19:29:17.860 [main] LoginFeatureStepDef - Setup2 executed....
[INFO ] 2023-11-17 19:29:17.864 [main] LoginFeatureStepDef - Chrome Browser Launched
[INFO ] 2023-11-17 19:29:20.357 [main] LoginFeatureStepDef - url opened
[INFO ] 2023-11-17 19:29:20.728 [main] LoginFeatureStepDef - email address and password entered
[INFO ] 2023-11-17 19:29:23.997 [main] LoginFeatureStepDef - Clicked on login button
[INFO ] 2023-11-17 19:29:24.255 [main] LoginFeatureStepDef - User can view Dashboard - test passed
[INFO ] 2023-11-17 19:29:24.574 [main] LoginFeatureStepDef - Customer menu clicked..
[INFO ] 2023-11-17 19:29:27.144 [main] LoginFeatureStepDef - Customer menu item clicked
[INFO ] 2023-11-17 19:29:31.615 [main] LoginFeatureStepDef - clicked on Search button
[INFO ] 2023-11-17 19:31:37.460 [main] LoginFeatureStepDef - Setup1 executed....
[INFO ] 2023-11-17 19:31:37.507 [main] LoginFeatureStepDef - Chrome Browser Launched
[INFO ] 2023-11-17 19:31:46.697 [main] LoginFeatureStepDef - url opened
[INFO ] 2023-11-17 19:31:47.092 [main] LoginFeatureStepDef - email address and password entered
[INFO ] 2023-11-17 19:32:05.010 [main] LoginFeatureStepDef - Clicked on login button
[WARN ] 2023-11-17 19:32:05.058 [main] LoginFeatureStepDef - Test passed: Login feature - page title matched.
[INFO ] 2023-11-17 19:33:45.736 [main] LoginFeatureStepDef - Setup1 executed....
[INFO ] 2023-11-17 19:33:45.802 [main] LoginFeatureStepDef - Chrome Browser Launched
[INFO ] 2023-11-17 19:33:48.200 [main] LoginFeatureStepDef - url opened
[INFO ] 2023-11-17 19:33:48.594 [main] LoginFeatureStepDef - email address and password entered
[INFO ] 2023-11-17 19:33:53.005 [main] LoginFeatureStepDef - Clicked on login button
[INFO ] 2023-11-17 19:33:53.036 [main] LoginFeatureStepDef - User can view Dashboard - test passed
[INFO ] 2023-11-17 19:33:53.430 [main] LoginFeatureStepDef - Customer menu clicked..
[INFO ] 2023-11-17 19:33:55.606 [main] LoginFeatureStepDef - Customer menu item clicked
[INFO ] 2023-11-17 19:34:00.146 [main] LoginFeatureStepDef - clicked on Search button
[INFO ] 2023-11-17 19:34:02.026 [main] LoginFeatureStepDef - Setup1 executed....
[INFO ] 2023-11-17 19:34:02.031 [main] LoginFeatureStepDef - Chrome Browser Launched
[INFO ] 2023-11-17 19:34:04.651 [main] LoginFeatureStepDef - url opened
[INFO ] 2023-11-17 19:34:05.169 [main] LoginFeatureStepDef - email address and password entered
[INFO ] 2023-11-17 19:34:08.479 [main] LoginFeatureStepDef - Clicked on login button
[WARN ] 2023-11-17 19:34:08.804 [main] LoginFeatureStepDef - Test passed: Login feature - page title matched.
[INFO ] 2023-11-17 19:34:13.321 [main] LoginFeatureStepDef - User click on Log out link
[WARN ] 2023-11-17 19:34:13.361 [main] LoginFeatureStepDef - Test passed: Login feature - page title matched.
[INFO ] 2023-11-17 19:34:13.518 [main] LoginFeatureStepDef - Browser closed
[INFO ] 2023-11-18 12:35:13.915 [main] LoginFeatureStepDef - Setup1 executed....
[INFO ] 2023-11-18 12:35:13.974 [main] LoginFeatureStepDef - Chrome Browser Launched
[INFO ] 2023-11-18 12:35:17.715 [main] LoginFeatureStepDef - url opened
[INFO ] 2023-11-18 12:35:18.186 [main] LoginFeatureStepDef - email address and password entered
[INFO ] 2023-11-18 12:35:22.338 [main] LoginFeatureStepDef - Clicked on login button
[INFO ] 2023-11-18 12:35:22.503 [main] LoginFeatureStepDef - User can view Dashboard - test passed
[INFO ] 2023-11-18 12:35:22.748 [main] LoginFeatureStepDef - Customer menu clicked..
[INFO ] 2023-11-18 12:35:24.754 [main] LoginFeatureStepDef - Customer menu item clicked
[INFO ] 2023-11-18 12:35:29.491 [main] LoginFeatureStepDef - clicked on Search button
[INFO ] 2023-11-18 12:35:31.392 [main] LoginFeatureStepDef - Setup1 executed....
[INFO ] 2023-11-18 12:35:31.395 [main] LoginFeatureStepDef - Chrome Browser Launched
[INFO ] 2023-11-18 12:35:35.658 [main] LoginFeatureStepDef - url opened
[INFO ] 2023-11-18 12:35:36.173 [main] LoginFeatureStepDef - email address and password entered
[INFO ] 2023-11-18 12:35:44.009 [main] LoginFeatureStepDef - Clicked on login button
[WARN ] 2023-11-18 12:35:44.204 [main] LoginFeatureStepDef - Test passed: Login feature - page title matched.
[INFO ] 2023-11-18 12:35:49.008 [main] LoginFeatureStepDef - User click on Log out link
[WARN ] 2023-11-18 12:35:49.180 [main] LoginFeatureStepDef - Test passed: Login feature - page title matched.
[INFO ] 2023-11-18 12:35:49.546 [main] LoginFeatureStepDef - Browser closed
[INFO ] 2023-11-18 12:47:50.905 [main] LoginFeatureStepDef - Setup1 executed....
[INFO ] 2023-11-18 12:47:50.969 [main] LoginFeatureStepDef - Chrome Browser Launched
[INFO ] 2023-11-18 12:47:55.246 [main] LoginFeatureStepDef - url opened
[INFO ] 2023-11-18 12:47:55.618 [main] LoginFeatureStepDef - email address and password entered
[INFO ] 2023-11-18 12:47:59.655 [main] LoginFeatureStepDef - Clicked on login button
[INFO ] 2023-11-18 12:47:59.744 [main] LoginFeatureStepDef - User can view Dashboard - test passed
[INFO ] 2023-11-18 12:47:59.855 [main] LoginFeatureStepDef - Customer menu clicked..
[INFO ] 2023-11-18 12:48:01.882 [main] LoginFeatureStepDef - Customer menu item clicked
[INFO ] 2023-11-18 12:48:07.454 [main] LoginFeatureStepDef - Setup1 executed....
[INFO ] 2023-11-18 12:48:07.458 [main] LoginFeatureStepDef - Chrome Browser Launched
[INFO ] 2023-11-18 12:48:11.796 [main] LoginFeatureStepDef - url opened
[INFO ] 2023-11-18 12:48:12.146 [main] LoginFeatureStepDef - email address and password entered
[INFO ] 2023-11-18 12:48:18.790 [main] LoginFeatureStepDef - Clicked on login button
[WARN ] 2023-11-18 12:48:18.921 [main] LoginFeatureStepDef - Test passed: Login feature - page title matched.
[INFO ] 2023-11-18 12:48:23.203 [main] LoginFeatureStepDef - User click on Log out link
[WARN ] 2023-11-18 12:48:23.229 [main] LoginFeatureStepDef - Test passed: Login feature - page title matched.
[INFO ] 2023-11-18 12:48:23.582 [main] LoginFeatureStepDef - Browser closed
[INFO ] 2023-11-18 12:57:00.254 [main] LoginFeatureStepDef - Setup1 executed....
[INFO ] 2023-11-18 12:57:00.317 [main] LoginFeatureStepDef - Chrome Browser Launched
[INFO ] 2023-11-18 12:57:04.005 [main] LoginFeatureStepDef - url opened
[INFO ] 2023-11-18 12:57:04.361 [main] LoginFeatureStepDef - email address and password entered
[INFO ] 2023-11-18 12:57:09.227 [main] LoginFeatureStepDef - Clicked on login button
[INFO ] 2023-11-18 12:57:09.307 [main] LoginFeatureStepDef - User can view Dashboard - test passed
[INFO ] 2023-11-18 12:57:09.407 [main] LoginFeatureStepDef - Customer menu clicked..
[INFO ] 2023-11-18 12:57:11.713 [main] LoginFeatureStepDef - Customer menu item clicked
[INFO ] 2023-11-18 12:57:17.355 [main] LoginFeatureStepDef - Setup1 executed....
[INFO ] 2023-11-18 12:57:17.358 [main] LoginFeatureStepDef - Chrome Browser Launched
[INFO ] 2023-11-18 12:57:18.738 [main] LoginFeatureStepDef - url opened
[INFO ] 2023-11-18 12:57:19.095 [main] LoginFeatureStepDef - email address and password entered
[INFO ] 2023-11-18 12:57:24.117 [main] LoginFeatureStepDef - Clicked on login button
[WARN ] 2023-11-18 12:57:24.213 [main] LoginFeatureStepDef - Test passed: Login feature - page title matched.
[INFO ] 2023-11-18 12:57:28.276 [main] LoginFeatureStepDef - User click on Log out link
[WARN ] 2023-11-18 12:57:28.292 [main] LoginFeatureStepDef - Test passed: Login feature - page title matched.
[INFO ] 2023-11-18 12:57:28.507 [main] LoginFeatureStepDef - Browser closed
[INFO ] 2023-11-18 13:02:48.487 [main] LoginFeatureStepDef - Setup1 executed....
[INFO ] 2023-11-18 13:02:48.562 [main] LoginFeatureStepDef - Chrome Browser Launched
[INFO ] 2023-11-18 13:02:50.911 [main] LoginFeatureStepDef - url opened
[INFO ] 2023-11-18 13:02:51.261 [main] LoginFeatureStepDef - email address and password entered
[INFO ] 2023-11-18 13:02:56.756 [main] LoginFeatureStepDef - Clicked on login button
[INFO ] 2023-11-18 13:02:56.841 [main] LoginFeatureStepDef - User can view Dashboard - test passed
[INFO ] 2023-11-18 13:02:56.936 [main] LoginFeatureStepDef - Customer menu clicked..
[INFO ] 2023-11-18 13:02:59.092 [main] LoginFeatureStepDef - Customer menu item clicked
[INFO ] 2023-11-18 13:03:04.743 [main] LoginFeatureStepDef - Setup1 executed....
[INFO ] 2023-11-18 13:03:04.747 [main] LoginFeatureStepDef - Chrome Browser Launched
[INFO ] 2023-11-18 13:03:06.906 [main] LoginFeatureStepDef - url opened
[INFO ] 2023-11-18 13:03:07.257 [main] LoginFeatureStepDef - email address and password entered
[INFO ] 2023-11-18 13:03:12.003 [main] LoginFeatureStepDef - Clicked on login button
[WARN ] 2023-11-18 13:03:12.070 [main] LoginFeatureStepDef - Test passed: Login feature - page title matched.
[INFO ] 2023-11-18 13:03:16.012 [main] LoginFeatureStepDef - User click on Log out link
[WARN ] 2023-11-18 13:03:16.034 [main] LoginFeatureStepDef - Test passed: Login feature - page title matched.
[INFO ] 2023-11-18 13:03:16.264 [main] LoginFeatureStepDef - Browser closed
[INFO ] 2023-11-18 13:05:23.931 [main] LoginFeatureStepDef - Setup1 executed....
[INFO ] 2023-11-18 13:05:24.003 [main] LoginFeatureStepDef - Chrome Browser Launched
[INFO ] 2023-11-18 13:05:26.111 [main] LoginFeatureStepDef - url opened
[INFO ] 2023-11-18 13:05:26.467 [main] LoginFeatureStepDef - email address and password entered
[INFO ] 2023-11-18 13:05:29.917 [main] LoginFeatureStepDef - Clicked on login button
[INFO ] 2023-11-18 13:05:30.009 [main] LoginFeatureStepDef - User can view Dashboard - test passed
[INFO ] 2023-11-18 13:05:30.107 [main] LoginFeatureStepDef - Customer menu clicked..
[INFO ] 2023-11-18 13:05:32.534 [main] LoginFeatureStepDef - Customer menu item clicked
[INFO ] 2023-11-18 13:05:38.250 [main] LoginFeatureStepDef - Setup1 executed....
[INFO ] 2023-11-18 13:05:38.255 [main] LoginFeatureStepDef - Chrome Browser Launched
[INFO ] 2023-11-18 13:05:40.451 [main] LoginFeatureStepDef - url opened
[INFO ] 2023-11-18 13:05:40.786 [main] LoginFeatureStepDef - email address and password entered
[INFO ] 2023-11-18 13:05:44.980 [main] LoginFeatureStepDef - Clicked on login button
[WARN ] 2023-11-18 13:05:45.069 [main] LoginFeatureStepDef - Test passed: Login feature - page title matched.
[INFO ] 2023-11-18 13:05:49.085 [main] LoginFeatureStepDef - User click on Log out link
[WARN ] 2023-11-18 13:05:49.109 [main] LoginFeatureStepDef - Test passed: Login feature - page title matched.
[INFO ] 2023-11-18 13:05:49.368 [main] LoginFeatureStepDef - Browser closed
[INFO ] 2023-11-18 13:45:30.739 [main] LoginFeatureStepDef - Setup1 executed....
[INFO ] 2023-11-18 13:45:30.838 [main] LoginFeatureStepDef - Chrome Browser Launched
[INFO ] 2023-11-18 13:45:34.983 [main] LoginFeatureStepDef - url opened
[INFO ] 2023-11-18 13:45:35.507 [main] LoginFeatureStepDef - email address and password entered
[INFO ] 2023-11-18 13:45:48.131 [main] LoginFeatureStepDef - Clicked on login button
[INFO ] 2023-11-18 13:45:48.150 [main] LoginFeatureStepDef - User can view Dashboard - test passed
[INFO ] 2023-11-18 13:45:48.257 [main] LoginFeatureStepDef - Customer menu clicked..
[INFO ] 2023-11-18 13:45:53.852 [main] LoginFeatureStepDef - Customer menu item clicked
[INFO ] 2023-11-18 13:45:59.848 [main] LoginFeatureStepDef - Setup1 executed....
[INFO ] 2023-11-18 13:45:59.853 [main] LoginFeatureStepDef - Chrome Browser Launched
[INFO ] 2023-11-18 13:46:05.646 [main] LoginFeatureStepDef - url opened
[INFO ] 2023-11-18 13:46:06.006 [main] LoginFeatureStepDef - email address and password entered
[INFO ] 2023-11-18 13:46:46.500 [main] LoginFeatureStepDef - Clicked on login button
[WARN ] 2023-11-18 13:46:46.522 [main] LoginFeatureStepDef - Test passed: Login feature - page title matched.
[INFO ] 2023-11-18 13:46:50.577 [main] LoginFeatureStepDef - User click on Log out link
[WARN ] 2023-11-18 13:46:50.589 [main] LoginFeatureStepDef - Test passed: Login feature - page title matched.
[INFO ] 2023-11-18 13:46:50.823 [main] LoginFeatureStepDef - Browser closed
[INFO ] 2023-11-18 13:49:25.435 [main] LoginFeatureStepDef - Setup1 executed....
[INFO ] 2023-11-18 13:49:25.497 [main] LoginFeatureStepDef - Chrome Browser Launched
[INFO ] 2023-11-18 13:49:31.992 [main] LoginFeatureStepDef - url opened
[INFO ] 2023-11-18 13:49:32.528 [main] LoginFeatureStepDef - email address and password entered
[INFO ] 2023-11-18 13:49:52.241 [main] LoginFeatureStepDef - Clicked on login button
[INFO ] 2023-11-18 13:49:52.290 [main] LoginFeatureStepDef - User can view Dashboard - test passed
[INFO ] 2023-11-18 13:49:52.464 [main] LoginFeatureStepDef - Customer menu clicked..
[INFO ] 2023-11-18 13:49:59.172 [main] LoginFeatureStepDef - Customer menu item clicked
[INFO ] 2023-11-18 13:50:05.320 [main] LoginFeatureStepDef - Setup1 executed....
[INFO ] 2023-11-18 13:50:05.324 [main] LoginFeatureStepDef - Chrome Browser Launched
[INFO ] 2023-11-18 13:50:14.234 [main] LoginFeatureStepDef - url opened
[INFO ] 2023-11-18 13:50:14.772 [main] LoginFeatureStepDef - email address and password entered
[INFO ] 2023-11-18 13:50:37.421 [main] LoginFeatureStepDef - Clicked on login button
[WARN ] 2023-11-18 13:50:37.462 [main] LoginFeatureStepDef - Test passed: Login feature - page title matched.
[INFO ] 2023-11-18 13:50:47.260 [main] LoginFeatureStepDef - User click on Log out link
[WARN ] 2023-11-18 13:50:47.282 [main] LoginFeatureStepDef - Test passed: Login feature - page title matched.
[INFO ] 2023-11-18 13:50:47.486 [main] LoginFeatureStepDef - Browser closed
[INFO ] 2023-11-18 13:57:28.691 [main] LoginFeatureStepDef - Setup1 executed....
[INFO ] 2023-11-18 13:57:28.754 [main] LoginFeatureStepDef - Chrome Browser Launched
[INFO ] 2023-11-18 13:57:30.919 [main] LoginFeatureStepDef - url opened
[INFO ] 2023-11-18 13:57:31.396 [main] LoginFeatureStepDef - email address and password entered
[INFO ] 2023-11-18 13:57:35.398 [main] LoginFeatureStepDef - Clicked on login button
[INFO ] 2023-11-18 13:57:35.554 [main] LoginFeatureStepDef - User can view Dashboard - test passed
[INFO ] 2023-11-18 13:57:35.782 [main] LoginFeatureStepDef - Customer menu clicked..
[INFO ] 2023-11-18 13:57:38.979 [main] LoginFeatureStepDef - Customer menu item clicked
[INFO ] 2023-11-18 13:57:44.917 [main] LoginFeatureStepDef - Setup1 executed....
[INFO ] 2023-11-18 13:57:44.923 [main] LoginFeatureStepDef - Chrome Browser Launched
[INFO ] 2023-11-18 13:57:47.475 [main] LoginFeatureStepDef - url opened
[INFO ] 2023-11-18 13:57:47.892 [main] LoginFeatureStepDef - email address and password entered
[INFO ] 2023-11-18 13:57:53.336 [main] LoginFeatureStepDef - Clicked on login button
[WARN ] 2023-11-18 13:57:53.492 [main] LoginFeatureStepDef - Test passed: Login feature - page title matched.
[INFO ] 2023-11-18 13:57:57.482 [main] LoginFeatureStepDef - User click on Log out link
[WARN ] 2023-11-18 13:57:57.501 [main] LoginFeatureStepDef - Test passed: Login feature - page title matched.
[INFO ] 2023-11-18 13:57:57.802 [main] LoginFeatureStepDef - Browser closed
[INFO ] 2023-11-18 14:14:10.737 [main] LoginFeatureStepDef - Setup1 executed....
[INFO ] 2023-11-18 14:14:10.791 [main] LoginFeatureStepDef - Chrome Browser Launched
[INFO ] 2023-11-18 14:14:14.394 [main] LoginFeatureStepDef - url opened
[INFO ] 2023-11-18 14:14:14.800 [main] LoginFeatureStepDef - email address and password entered
[INFO ] 2023-11-18 14:14:18.602 [main] LoginFeatureStepDef - Clicked on login button
[INFO ] 2023-11-18 14:14:18.645 [main] LoginFeatureStepDef - User can view Dashboard - test passed
[INFO ] 2023-11-18 14:14:18.747 [main] LoginFeatureStepDef - Customer menu clicked..
[INFO ] 2023-11-18 14:14:21.038 [main] LoginFeatureStepDef - Customer menu item clicked
[INFO ] 2023-11-18 14:14:27.191 [main] LoginFeatureStepDef - Setup1 executed....
[INFO ] 2023-11-18 14:14:27.201 [main] LoginFeatureStepDef - Chrome Browser Launched
[INFO ] 2023-11-18 14:14:29.433 [main] LoginFeatureStepDef - url opened
[INFO ] 2023-11-18 14:14:29.864 [main] LoginFeatureStepDef - email address and password entered
[INFO ] 2023-11-18 14:14:34.309 [main] LoginFeatureStepDef - Clicked on login button
[WARN ] 2023-11-18 14:14:34.433 [main] LoginFeatureStepDef - Test passed: Login feature - page title matched.
[INFO ] 2023-11-18 14:14:39.105 [main] LoginFeatureStepDef - User click on Log out link
[WARN ] 2023-11-18 14:14:39.121 [main] LoginFeatureStepDef - Test passed: Login feature - page title matched.
[INFO ] 2023-11-18 14:14:39.564 [main] LoginFeatureStepDef - Browser closed
